[0.107s] Invoking command in '/home/hephaestus/ros2_ws/src/build/diy_robot_full_cell_description': CMAKE_PREFIX_PATH=${CMAKE_PREFIX_PATH}:/opt/ros/humble /usr/bin/cmake /home/hephaestus/ros2_ws/src/diy_robot_full_cell_description -DCMAKE_INSTALL_PREFIX=/home/hephaestus/ros2_ws/src/install/diy_robot_full_cell_description
[0.224s] -- The C compiler identification is GNU 11.4.0
[0.345s] -- The CXX compiler identification is GNU 11.4.0
[0.371s] -- Detecting C compiler ABI info
[0.543s] -- Detecting C compiler ABI info - done
[0.551s] -- Check for working C compiler: /usr/bin/cc - skipped
[0.551s] -- Detecting C compile features
[0.552s] -- Detecting C compile features - done
[0.555s] -- Detecting CXX compiler ABI info
[0.687s] -- Detecting CXX compiler ABI info - done
[0.695s] -- Check for working CXX compiler: /usr/bin/c++ - skipped
[0.696s] -- Detecting CXX compile features
[0.696s] -- Detecting CXX compile features - done
[0.701s] -- Found ament_cmake: 1.3.6 (/opt/ros/humble/share/ament_cmake/cmake)
[1.036s] -- Found Python3: /usr/bin/python3.10 (found version "3.10.12") found components: Interpreter 
[1.240s] -- Found diy_soft_gripper_description: 0.0.0 (/home/hephaestus/dependencies/diy_soft_gripper_description_ws/install/diy_soft_gripper_description/share/diy_soft_gripper_description/cmake)
[1.240s] -- Found diy_robotarm_wer24_description: 0.0.0 (/home/hephaestus/dependencies/diy_robotarm_wer24_description_ws/install/diy_robotarm_wer24_description/share/diy_robotarm_wer24_description/cmake)
[1.243s] -- Found xacro: 2.0.8 (/opt/ros/humble/share/xacro/cmake)
[1.246s] -- Found ament_lint_auto: 0.12.9 (/opt/ros/humble/share/ament_lint_auto/cmake)
[1.383s] [31mCMake Error at CMakeLists.txt:26 (install):
[1.384s]   install does not recognize sub-command PARENT_DIRECTORY
[1.384s] 
[1.384s] [0m
[1.390s] -- Added test 'flake8' to check Python code syntax and style conventions
[1.391s] -- Added test 'lint_cmake' to check CMake code style
[1.391s] -- Added test 'pep257' to check Python code against some of the docstring style conventions in PEP 257
[1.394s] -- Added test 'xmllint' to check XML markup files
[1.396s] -- Configuring incomplete, errors occurred!
[1.396s] See also "/home/hephaestus/ros2_ws/src/build/diy_robot_full_cell_description/CMakeFiles/CMakeOutput.log".
[1.402s] Invoked command in '/home/hephaestus/ros2_ws/src/build/diy_robot_full_cell_description' returned '1': CMAKE_PREFIX_PATH=${CMAKE_PREFIX_PATH}:/opt/ros/humble /usr/bin/cmake /home/hephaestus/ros2_ws/src/diy_robot_full_cell_description -DCMAKE_INSTALL_PREFIX=/home/hephaestus/ros2_ws/src/install/diy_robot_full_cell_description
