[1.464s] DEBUG:colcon:Command line arguments: ['/usr/bin/colcon', 'build']
[1.464s] DEBUG:colcon:Parsed command line arguments: Namespace(log_base=None, log_level=None, verb_name='build', build_base='build', install_base='install', merge_install=False, symlink_install=False, test_result_base=None, continue_on_error=False, executor='parallel', parallel_workers=8, event_handlers=None, ignore_user_meta=False, metas=['./colcon.meta'], base_paths=['.'], packages_ignore=None, packages_ignore_regex=None, paths=None, packages_up_to=None, packages_up_to_regex=None, packages_above=None, packages_above_and_dependencies=None, packages_above_depth=None, packages_select_by_dep=None, packages_skip_by_dep=None, packages_skip_up_to=None, packages_select_build_failed=False, packages_skip_build_finished=False, packages_select_test_failures=False, packages_skip_test_passed=False, packages_select=None, packages_skip=None, packages_select_regex=None, packages_skip_regex=None, packages_start=None, packages_end=None, cmake_args=None, cmake_target=None, cmake_target_skip_unavailable=False, cmake_clean_cache=False, cmake_clean_first=False, cmake_force_configure=False, ament_cmake_args=None, catkin_cmake_args=None, catkin_skip_building_tests=False, mixin_files=None, mixin=None, verb_parser=<colcon_mixin.mixin.mixin_argument.MixinArgumentDecorator object at 0x7fc718d7da20>, verb_extension=<colcon_core.verb.build.BuildVerb object at 0x7fc7191b6500>, main=<bound method BuildVerb.main of <colcon_core.verb.build.BuildVerb object at 0x7fc7191b6500>>, mixin_verb=('build',))
[1.547s] Level 1:colcon.colcon_core.package_discovery:discover_packages(colcon_meta) check parameters
[1.548s] Level 1:colcon.colcon_core.package_discovery:discover_packages(recursive) check parameters
[1.548s] Level 1:colcon.colcon_core.package_discovery:discover_packages(ignore) check parameters
[1.548s] Level 1:colcon.colcon_core.package_discovery:discover_packages(path) check parameters
[1.548s] Level 1:colcon.colcon_core.package_discovery:discover_packages(colcon_meta) discover
[1.549s] Level 1:colcon.colcon_core.package_discovery:discover_packages(recursive) discover
[1.549s] INFO:colcon.colcon_core.package_discovery:Crawling recursively for packages in '/home/hephaestus/ros2_ws/src'
[1.549s] Level 1:colcon.colcon_core.package_identification:_identify(.) by extensions ['ignore', 'ignore_ament_install']
[1.550s] Level 1:colcon.colcon_core.package_identification:_identify(.) by extension 'ignore'
[1.550s] Level 1:colcon.colcon_core.package_identification:_identify(.) by extension 'ignore_ament_install'
[1.550s] Level 1:colcon.colcon_core.package_identification:_identify(.) by extensions ['colcon_pkg']
[1.551s] Level 1:colcon.colcon_core.package_identification:_identify(.) by extension 'colcon_pkg'
[1.551s] Level 1:colcon.colcon_core.package_identification:_identify(.) by extensions ['colcon_meta']
[1.551s] Level 1:colcon.colcon_core.package_identification:_identify(.) by extension 'colcon_meta'
[1.551s] Level 1:colcon.colcon_core.package_identification:_identify(.) by extensions ['ros']
[1.551s] Level 1:colcon.colcon_core.package_identification:_identify(.) by extension 'ros'
[1.572s] Level 1:colcon.colcon_core.package_identification:_identify(.) by extensions ['cmake', 'python']
[1.573s] Level 1:colcon.colcon_core.package_identification:_identify(.) by extension 'cmake'
[1.573s] Level 1:colcon.colcon_core.package_identification:_identify(.) by extension 'python'
[1.573s] Level 1:colcon.colcon_core.package_identification:_identify(.) by extensions ['python_setup_py']
[1.573s] Level 1:colcon.colcon_core.package_identification:_identify(.) by extension 'python_setup_py'
[1.573s] Level 1:colcon.colcon_core.package_identification:_identify(build) by extensions ['ignore', 'ignore_ament_install']
[1.573s] Level 1:colcon.colcon_core.package_identification:_identify(build) by extension 'ignore'
[1.573s] Level 1:colcon.colcon_core.package_identification:_identify(build) ignored
[1.573s] Level 1:colcon.colcon_core.package_identification:_identify(diy_robot_full_cell_description) by extensions ['ignore', 'ignore_ament_install']
[1.573s] Level 1:colcon.colcon_core.package_identification:_identify(diy_robot_full_cell_description) by extension 'ignore'
[1.574s] Level 1:colcon.colcon_core.package_identification:_identify(diy_robot_full_cell_description) by extension 'ignore_ament_install'
[1.574s] Level 1:colcon.colcon_core.package_identification:_identify(diy_robot_full_cell_description) by extensions ['colcon_pkg']
[1.574s] Level 1:colcon.colcon_core.package_identification:_identify(diy_robot_full_cell_description) by extension 'colcon_pkg'
[1.574s] Level 1:colcon.colcon_core.package_identification:_identify(diy_robot_full_cell_description) by extensions ['colcon_meta']
[1.574s] Level 1:colcon.colcon_core.package_identification:_identify(diy_robot_full_cell_description) by extension 'colcon_meta'
[1.574s] Level 1:colcon.colcon_core.package_identification:_identify(diy_robot_full_cell_description) by extensions ['ros']
[1.574s] Level 1:colcon.colcon_core.package_identification:_identify(diy_robot_full_cell_description) by extension 'ros'
[1.577s] DEBUG:colcon.colcon_core.package_identification:Package 'diy_robot_full_cell_description' with type 'ros.ament_cmake' and name 'diy_robot_full_cell_description'
[1.578s] Level 1:colcon.colcon_core.package_identification:_identify(install) by extensions ['ignore', 'ignore_ament_install']
[1.578s] Level 1:colcon.colcon_core.package_identification:_identify(install) by extension 'ignore'
[1.578s] Level 1:colcon.colcon_core.package_identification:_identify(install) ignored
[1.578s] Level 1:colcon.colcon_core.package_identification:_identify(log) by extensions ['ignore', 'ignore_ament_install']
[1.578s] Level 1:colcon.colcon_core.package_identification:_identify(log) by extension 'ignore'
[1.578s] Level 1:colcon.colcon_core.package_identification:_identify(log) ignored
[1.578s] Level 1:colcon.colcon_core.package_discovery:discover_packages(recursive) using defaults
[1.578s] Level 1:colcon.colcon_core.package_discovery:discover_packages(ignore) discover
[1.578s] Level 1:colcon.colcon_core.package_discovery:discover_packages(ignore) using defaults
[1.578s] Level 1:colcon.colcon_core.package_discovery:discover_packages(path) discover
[1.578s] Level 1:colcon.colcon_core.package_discovery:discover_packages(path) using defaults
[1.665s] Level 5:colcon.colcon_core.verb:set package 'diy_robot_full_cell_description' build argument 'cmake_args' from command line to 'None'
[1.665s] Level 5:colcon.colcon_core.verb:set package 'diy_robot_full_cell_description' build argument 'cmake_target' from command line to 'None'
[1.665s] Level 5:colcon.colcon_core.verb:set package 'diy_robot_full_cell_description' build argument 'cmake_target_skip_unavailable' from command line to 'False'
[1.665s] Level 5:colcon.colcon_core.verb:set package 'diy_robot_full_cell_description' build argument 'cmake_clean_cache' from command line to 'False'
[1.665s] Level 5:colcon.colcon_core.verb:set package 'diy_robot_full_cell_description' build argument 'cmake_clean_first' from command line to 'False'
[1.665s] Level 5:colcon.colcon_core.verb:set package 'diy_robot_full_cell_description' build argument 'cmake_force_configure' from command line to 'False'
[1.665s] Level 5:colcon.colcon_core.verb:set package 'diy_robot_full_cell_description' build argument 'ament_cmake_args' from command line to 'None'
[1.665s] Level 5:colcon.colcon_core.verb:set package 'diy_robot_full_cell_description' build argument 'catkin_cmake_args' from command line to 'None'
[1.665s] Level 5:colcon.colcon_core.verb:set package 'diy_robot_full_cell_description' build argument 'catkin_skip_building_tests' from command line to 'False'
[1.665s] DEBUG:colcon.colcon_core.verb:Building package 'diy_robot_full_cell_description' with the following arguments: {'ament_cmake_args': None, 'build_base': '/home/hephaestus/ros2_ws/src/build/diy_robot_full_cell_description', 'catkin_cmake_args': None, 'catkin_skip_building_tests': False, 'cmake_args': None, 'cmake_clean_cache': False, 'cmake_clean_first': False, 'cmake_force_configure': False, 'cmake_target': None, 'cmake_target_skip_unavailable': False, 'install_base': '/home/hephaestus/ros2_ws/src/install/diy_robot_full_cell_description', 'merge_install': False, 'path': '/home/hephaestus/ros2_ws/src/diy_robot_full_cell_description', 'symlink_install': False, 'test_result_base': None}
[1.690s] INFO:colcon.colcon_core.executor:Executing jobs using 'parallel' executor
[1.707s] DEBUG:colcon.colcon_parallel_executor.executor.parallel:run_until_complete
[1.707s] INFO:colcon.colcon_ros.task.ament_cmake.build:Building ROS package in '/home/hephaestus/ros2_ws/src/diy_robot_full_cell_description' with build type 'ament_cmake'
[1.708s] INFO:colcon.colcon_cmake.task.cmake.build:Building CMake package in '/home/hephaestus/ros2_ws/src/diy_robot_full_cell_description'
[1.733s] INFO:colcon.colcon_core.plugin_system:Skipping extension 'colcon_core.shell.bat': Not used on non-Windows systems
[1.733s] INFO:colcon.colcon_core.shell:Skip shell extension 'powershell' for command environment: Not usable outside of PowerShell
[1.733s] DEBUG:colcon.colcon_core.shell:Skip shell extension 'dsv' for command environment
[1.828s] DEBUG:colcon.colcon_core.event_handler.log_command:Invoking command in '/home/hephaestus/ros2_ws/src/build/diy_robot_full_cell_description': CMAKE_PREFIX_PATH=${CMAKE_PREFIX_PATH}:/opt/ros/humble /usr/bin/cmake --build /home/hephaestus/ros2_ws/src/build/diy_robot_full_cell_description -- -j8 -l8
[1.937s] DEBUG:colcon.colcon_core.event_handler.log_command:Invoked command in '/home/hephaestus/ros2_ws/src/build/diy_robot_full_cell_description' returned '0': CMAKE_PREFIX_PATH=${CMAKE_PREFIX_PATH}:/opt/ros/humble /usr/bin/cmake --build /home/hephaestus/ros2_ws/src/build/diy_robot_full_cell_description -- -j8 -l8
[2.020s] DEBUG:colcon.colcon_core.event_handler.log_command:Invoking command in '/home/hephaestus/ros2_ws/src/build/diy_robot_full_cell_description': CMAKE_PREFIX_PATH=${CMAKE_PREFIX_PATH}:/opt/ros/humble /usr/bin/cmake --install /home/hephaestus/ros2_ws/src/build/diy_robot_full_cell_description
[2.062s] Level 1:colcon.colcon_core.environment:create_environment_scripts_only(diy_robot_full_cell_description)
[2.064s] DEBUG:colcon.colcon_core.event_handler.log_command:Invoked command in '/home/hephaestus/ros2_ws/src/build/diy_robot_full_cell_description' returned '0': CMAKE_PREFIX_PATH=${CMAKE_PREFIX_PATH}:/opt/ros/humble /usr/bin/cmake --install /home/hephaestus/ros2_ws/src/build/diy_robot_full_cell_description
[2.122s] Level 1:colcon.colcon_core.environment:checking '/home/hephaestus/ros2_ws/src/install/diy_robot_full_cell_description' for CMake module files
[2.123s] Level 1:colcon.colcon_core.environment:checking '/home/hephaestus/ros2_ws/src/install/diy_robot_full_cell_description' for CMake config files
[2.126s] Level 1:colcon.colcon_core.shell:create_environment_hook('diy_robot_full_cell_description', 'cmake_prefix_path')
[2.142s] INFO:colcon.colcon_core.shell:Creating environment hook '/home/hephaestus/ros2_ws/src/install/diy_robot_full_cell_description/share/diy_robot_full_cell_description/hook/cmake_prefix_path.ps1'
[2.143s] INFO:colcon.colcon_core.shell:Creating environment descriptor '/home/hephaestus/ros2_ws/src/install/diy_robot_full_cell_description/share/diy_robot_full_cell_description/hook/cmake_prefix_path.dsv'
[2.144s] INFO:colcon.colcon_core.shell:Creating environment hook '/home/hephaestus/ros2_ws/src/install/diy_robot_full_cell_description/share/diy_robot_full_cell_description/hook/cmake_prefix_path.sh'
[2.145s] Level 1:colcon.colcon_core.environment:checking '/home/hephaestus/ros2_ws/src/install/diy_robot_full_cell_description/bin'
[2.145s] Level 1:colcon.colcon_core.environment:checking '/home/hephaestus/ros2_ws/src/install/diy_robot_full_cell_description/lib/pkgconfig/diy_robot_full_cell_description.pc'
[2.148s] Level 1:colcon.colcon_core.environment:checking '/home/hephaestus/ros2_ws/src/install/diy_robot_full_cell_description/lib/python3.10/site-packages'
[2.148s] Level 1:colcon.colcon_core.environment:checking '/home/hephaestus/ros2_ws/src/install/diy_robot_full_cell_description/bin'
[2.165s] INFO:colcon.colcon_core.shell:Creating package script '/home/hephaestus/ros2_ws/src/install/diy_robot_full_cell_description/share/diy_robot_full_cell_description/package.ps1'
[2.166s] INFO:colcon.colcon_core.shell:Creating package descriptor '/home/hephaestus/ros2_ws/src/install/diy_robot_full_cell_description/share/diy_robot_full_cell_description/package.dsv'
[2.167s] INFO:colcon.colcon_core.shell:Creating package script '/home/hephaestus/ros2_ws/src/install/diy_robot_full_cell_description/share/diy_robot_full_cell_description/package.sh'
[2.168s] INFO:colcon.colcon_core.shell:Creating package script '/home/hephaestus/ros2_ws/src/install/diy_robot_full_cell_description/share/diy_robot_full_cell_description/package.bash'
[2.169s] INFO:colcon.colcon_core.shell:Creating package script '/home/hephaestus/ros2_ws/src/install/diy_robot_full_cell_description/share/diy_robot_full_cell_description/package.zsh'
[2.170s] Level 1:colcon.colcon_core.environment:create_file_with_runtime_dependencies(/home/hephaestus/ros2_ws/src/install/diy_robot_full_cell_description/share/colcon-core/packages/diy_robot_full_cell_description)
[2.232s] Level 1:colcon.colcon_core.environment:create_environment_scripts_only(diy_robot_full_cell_description)
[2.247s] Level 1:colcon.colcon_core.environment:checking '/home/hephaestus/ros2_ws/src/install/diy_robot_full_cell_description' for CMake module files
[2.248s] Level 1:colcon.colcon_core.environment:checking '/home/hephaestus/ros2_ws/src/install/diy_robot_full_cell_description' for CMake config files
[2.249s] Level 1:colcon.colcon_core.shell:create_environment_hook('diy_robot_full_cell_description', 'cmake_prefix_path')
[2.265s] INFO:colcon.colcon_core.shell:Creating environment hook '/home/hephaestus/ros2_ws/src/install/diy_robot_full_cell_description/share/diy_robot_full_cell_description/hook/cmake_prefix_path.ps1'
[2.266s] INFO:colcon.colcon_core.shell:Creating environment descriptor '/home/hephaestus/ros2_ws/src/install/diy_robot_full_cell_description/share/diy_robot_full_cell_description/hook/cmake_prefix_path.dsv'
[2.266s] INFO:colcon.colcon_core.shell:Creating environment hook '/home/hephaestus/ros2_ws/src/install/diy_robot_full_cell_description/share/diy_robot_full_cell_description/hook/cmake_prefix_path.sh'
[2.267s] Level 1:colcon.colcon_core.environment:checking '/home/hephaestus/ros2_ws/src/install/diy_robot_full_cell_description/bin'
[2.267s] Level 1:colcon.colcon_core.environment:checking '/home/hephaestus/ros2_ws/src/install/diy_robot_full_cell_description/lib/pkgconfig/diy_robot_full_cell_description.pc'
[2.267s] Level 1:colcon.colcon_core.environment:checking '/home/hephaestus/ros2_ws/src/install/diy_robot_full_cell_description/lib/python3.10/site-packages'
[2.267s] Level 1:colcon.colcon_core.environment:checking '/home/hephaestus/ros2_ws/src/install/diy_robot_full_cell_description/bin'
[2.283s] INFO:colcon.colcon_core.shell:Creating package script '/home/hephaestus/ros2_ws/src/install/diy_robot_full_cell_description/share/diy_robot_full_cell_description/package.ps1'
[2.284s] INFO:colcon.colcon_core.shell:Creating package descriptor '/home/hephaestus/ros2_ws/src/install/diy_robot_full_cell_description/share/diy_robot_full_cell_description/package.dsv'
[2.285s] INFO:colcon.colcon_core.shell:Creating package script '/home/hephaestus/ros2_ws/src/install/diy_robot_full_cell_description/share/diy_robot_full_cell_description/package.sh'
[2.285s] INFO:colcon.colcon_core.shell:Creating package script '/home/hephaestus/ros2_ws/src/install/diy_robot_full_cell_description/share/diy_robot_full_cell_description/package.bash'
[2.286s] INFO:colcon.colcon_core.shell:Creating package script '/home/hephaestus/ros2_ws/src/install/diy_robot_full_cell_description/share/diy_robot_full_cell_description/package.zsh'
[2.286s] Level 1:colcon.colcon_core.environment:create_file_with_runtime_dependencies(/home/hephaestus/ros2_ws/src/install/diy_robot_full_cell_description/share/colcon-core/packages/diy_robot_full_cell_description)
[2.286s] DEBUG:colcon.colcon_parallel_executor.executor.parallel:closing loop
[2.287s] DEBUG:colcon.colcon_parallel_executor.executor.parallel:loop closed
[2.287s] DEBUG:colcon.colcon_parallel_executor.executor.parallel:run_until_complete finished with '0'
[2.287s] DEBUG:colcon.colcon_core.event_reactor:joining thread
[2.314s] INFO:colcon.colcon_core.plugin_system:Skipping extension 'colcon_notification.desktop_notification.notify_send': Could not find 'notify-send'
[2.314s] INFO:colcon.colcon_core.plugin_system:Skipping extension 'colcon_notification.desktop_notification.terminal_notifier': Not used on non-Darwin systems
[2.314s] INFO:colcon.colcon_core.plugin_system:Skipping extension 'colcon_notification.desktop_notification.win32': Not used on non-Windows systems
[2.314s] INFO:colcon.colcon_notification.desktop_notification:Sending desktop notification using 'notify2'
[2.319s] DEBUG:colcon.colcon_notification.desktop_notification.notify2:Failed to initialize notify2: org.freedesktop.DBus.Error.Spawn.ExecFailed: /usr/bin/dbus-launch terminated abnormally without any error message
[2.320s] DEBUG:colcon.colcon_core.event_reactor:joined thread
[2.339s] INFO:colcon.colcon_core.shell:Creating prefix script '/home/hephaestus/ros2_ws/src/install/local_setup.ps1'
[2.340s] INFO:colcon.colcon_core.shell:Creating prefix util module '/home/hephaestus/ros2_ws/src/install/_local_setup_util_ps1.py'
[2.342s] INFO:colcon.colcon_core.shell:Creating prefix chain script '/home/hephaestus/ros2_ws/src/install/setup.ps1'
[2.359s] INFO:colcon.colcon_core.shell:Creating prefix script '/home/hephaestus/ros2_ws/src/install/local_setup.sh'
[2.359s] INFO:colcon.colcon_core.shell:Creating prefix util module '/home/hephaestus/ros2_ws/src/install/_local_setup_util_sh.py'
[2.360s] INFO:colcon.colcon_core.shell:Creating prefix chain script '/home/hephaestus/ros2_ws/src/install/setup.sh'
[2.377s] INFO:colcon.colcon_core.shell:Creating prefix script '/home/hephaestus/ros2_ws/src/install/local_setup.bash'
[2.377s] INFO:colcon.colcon_core.shell:Creating prefix chain script '/home/hephaestus/ros2_ws/src/install/setup.bash'
[2.394s] INFO:colcon.colcon_core.shell:Creating prefix script '/home/hephaestus/ros2_ws/src/install/local_setup.zsh'
[2.395s] INFO:colcon.colcon_core.shell:Creating prefix chain script '/home/hephaestus/ros2_ws/src/install/setup.zsh'
