[0.097s] Invoking command in '/home/hephaestus/ros2_ws/src/build/diy_robot_full_cell_description': CMAKE_PREFIX_PATH=${CMAKE_PREFIX_PATH}:/opt/ros/humble /usr/bin/cmake /home/hephaestus/ros2_ws/src/diy_robot_full_cell_description -DCMAKE_INSTALL_PREFIX=/home/hephaestus/ros2_ws/src/install/diy_robot_full_cell_description
[0.131s] -- Found ament_cmake: 1.3.6 (/opt/ros/humble/share/ament_cmake/cmake)
[0.398s] -- Found diy_soft_gripper_description: 0.0.0 (/home/hephaestus/dependencies/diy_soft_gripper_description_ws/install/diy_soft_gripper_description/share/diy_soft_gripper_description/cmake)
[0.399s] -- Found diy_robotarm_wer24_description: 0.0.0 (/home/hephaestus/dependencies/diy_robotarm_wer24_description_ws/install/diy_robotarm_wer24_description/share/diy_robotarm_wer24_description/cmake)
[0.399s] -- Found xacro: 2.0.8 (/opt/ros/humble/share/xacro/cmake)
[0.401s] -- Found ament_lint_auto: 0.12.9 (/opt/ros/humble/share/ament_lint_auto/cmake)
[0.540s] -- Added test 'flake8' to check Python code syntax and style conventions
[0.543s] -- Added test 'lint_cmake' to check CMake code style
[0.544s] -- Added test 'pep257' to check Python code against some of the docstring style conventions in PEP 257
[0.551s] -- Added test 'xmllint' to check XML markup files
[0.554s] -- Configuring done
[0.567s] -- Generating done
[0.571s] -- Build files have been written to: /home/hephaestus/ros2_ws/src/build/diy_robot_full_cell_description
[0.579s] Invoked command in '/home/hephaestus/ros2_ws/src/build/diy_robot_full_cell_description' returned '0': CMAKE_PREFIX_PATH=${CMAKE_PREFIX_PATH}:/opt/ros/humble /usr/bin/cmake /home/hephaestus/ros2_ws/src/diy_robot_full_cell_description -DCMAKE_INSTALL_PREFIX=/home/hephaestus/ros2_ws/src/install/diy_robot_full_cell_description
[0.584s] Invoking command in '/home/hephaestus/ros2_ws/src/build/diy_robot_full_cell_description': CMAKE_PREFIX_PATH=${CMAKE_PREFIX_PATH}:/opt/ros/humble /usr/bin/cmake --build /home/hephaestus/ros2_ws/src/build/diy_robot_full_cell_description -- -j8 -l8
[0.704s] Invoked command in '/home/hephaestus/ros2_ws/src/build/diy_robot_full_cell_description' returned '0': CMAKE_PREFIX_PATH=${CMAKE_PREFIX_PATH}:/opt/ros/humble /usr/bin/cmake --build /home/hephaestus/ros2_ws/src/build/diy_robot_full_cell_description -- -j8 -l8
[0.777s] Invoking command in '/home/hephaestus/ros2_ws/src/build/diy_robot_full_cell_description': CMAKE_PREFIX_PATH=${CMAKE_PREFIX_PATH}:/opt/ros/humble /usr/bin/cmake --install /home/hephaestus/ros2_ws/src/build/diy_robot_full_cell_description
[0.786s] -- Install configuration: ""
[0.787s] -- Installing: /home/hephaestus/ros2_ws/src/install/diy_robot_full_cell_description/share/diy_robot_full_cell_description//urdf
[0.787s] -- Installing: /home/hephaestus/ros2_ws/src/install/diy_robot_full_cell_description/share/diy_robot_full_cell_description//urdf/cell_main.urdf.xacro
[0.787s] -- Installing: /home/hephaestus/ros2_ws/src/install/diy_robot_full_cell_description/share/diy_robot_full_cell_description//urdf/materials.urdf.xacro
[0.788s] -- Installing: /home/hephaestus/ros2_ws/src/install/diy_robot_full_cell_description/share/diy_robot_full_cell_description//urdf/subframe_macro.urdf.xacro
[0.788s] -- Installing: /home/hephaestus/ros2_ws/src/install/diy_robot_full_cell_description/share/diy_robot_full_cell_description//launch
[0.788s] -- Installing: /home/hephaestus/ros2_ws/src/install/diy_robot_full_cell_description/share/diy_robot_full_cell_description//launch/visualize.launch.py
[0.788s] -- Installing: /home/hephaestus/ros2_ws/src/install/diy_robot_full_cell_description/share/diy_robot_full_cell_description//meshes
[0.788s] -- Installing: /home/hephaestus/ros2_ws/src/install/diy_robot_full_cell_description/share/diy_robot_full_cell_description//rviz
[0.789s] -- Installing: /home/hephaestus/ros2_ws/src/install/diy_robot_full_cell_description/share/ament_index/resource_index/package_run_dependencies/diy_robot_full_cell_description
[0.789s] -- Installing: /home/hephaestus/ros2_ws/src/install/diy_robot_full_cell_description/share/ament_index/resource_index/parent_prefix_path/diy_robot_full_cell_description
[0.789s] -- Installing: /home/hephaestus/ros2_ws/src/install/diy_robot_full_cell_description/share/diy_robot_full_cell_description/environment/ament_prefix_path.sh
[0.790s] -- Installing: /home/hephaestus/ros2_ws/src/install/diy_robot_full_cell_description/share/diy_robot_full_cell_description/environment/ament_prefix_path.dsv
[0.790s] -- Installing: /home/hephaestus/ros2_ws/src/install/diy_robot_full_cell_description/share/diy_robot_full_cell_description/environment/path.sh
[0.790s] -- Installing: /home/hephaestus/ros2_ws/src/install/diy_robot_full_cell_description/share/diy_robot_full_cell_description/environment/path.dsv
[0.790s] -- Installing: /home/hephaestus/ros2_ws/src/install/diy_robot_full_cell_description/share/diy_robot_full_cell_description/local_setup.bash
[0.791s] -- Installing: /home/hephaestus/ros2_ws/src/install/diy_robot_full_cell_description/share/diy_robot_full_cell_description/local_setup.sh
[0.791s] -- Installing: /home/hephaestus/ros2_ws/src/install/diy_robot_full_cell_description/share/diy_robot_full_cell_description/local_setup.zsh
[0.791s] -- Installing: /home/hephaestus/ros2_ws/src/install/diy_robot_full_cell_description/share/diy_robot_full_cell_description/local_setup.dsv
[0.791s] -- Installing: /home/hephaestus/ros2_ws/src/install/diy_robot_full_cell_description/share/diy_robot_full_cell_description/package.dsv
[0.792s] -- Installing: /home/hephaestus/ros2_ws/src/install/diy_robot_full_cell_description/share/ament_index/resource_index/packages/diy_robot_full_cell_description
[0.792s] -- Installing: /home/hephaestus/ros2_ws/src/install/diy_robot_full_cell_description/share/diy_robot_full_cell_description/cmake/diy_robot_full_cell_descriptionConfig.cmake
[0.792s] -- Installing: /home/hephaestus/ros2_ws/src/install/diy_robot_full_cell_description/share/diy_robot_full_cell_description/cmake/diy_robot_full_cell_descriptionConfig-version.cmake
[0.792s] -- Installing: /home/hephaestus/ros2_ws/src/install/diy_robot_full_cell_description/share/diy_robot_full_cell_description/package.xml
[0.795s] Invoked command in '/home/hephaestus/ros2_ws/src/build/diy_robot_full_cell_description' returned '0': CMAKE_PREFIX_PATH=${CMAKE_PREFIX_PATH}:/opt/ros/humble /usr/bin/cmake --install /home/hephaestus/ros2_ws/src/build/diy_robot_full_cell_description
