[0.122s] Invoking command in '/home/hephaestus/ros2_ws/src/build/diy_robot_full_cell_description': CMAKE_PREFIX_PATH=${CMAKE_PREFIX_PATH}:/opt/ros/humble /usr/bin/cmake --build /home/hephaestus/ros2_ws/src/build/diy_robot_full_cell_description -- -j8 -l8
[0.289s] Invoked command in '/home/hephaestus/ros2_ws/src/build/diy_robot_full_cell_description' returned '0': CMAKE_PREFIX_PATH=${CMAKE_PREFIX_PATH}:/opt/ros/humble /usr/bin/cmake --build /home/hephaestus/ros2_ws/src/build/diy_robot_full_cell_description -- -j8 -l8
[0.347s] Invoking command in '/home/hephaestus/ros2_ws/src/build/diy_robot_full_cell_description': CMAKE_PREFIX_PATH=${CMAKE_PREFIX_PATH}:/opt/ros/humble /usr/bin/cmake --install /home/hephaestus/ros2_ws/src/build/diy_robot_full_cell_description
[0.362s] -- Install configuration: ""
[0.362s] -- Up-to-date: /home/hephaestus/ros2_ws/src/install/diy_robot_full_cell_description/share/diy_robot_full_cell_description//urdf
[0.362s] -- Up-to-date: /home/hephaestus/ros2_ws/src/install/diy_robot_full_cell_description/share/diy_robot_full_cell_description//urdf/materials.urdf.xacro
[0.363s] -- Up-to-date: /home/hephaestus/ros2_ws/src/install/diy_robot_full_cell_description/share/diy_robot_full_cell_description//urdf/subframe_macro.urdf.xacro
[0.363s] -- Installing: /home/hephaestus/ros2_ws/src/install/diy_robot_full_cell_description/share/diy_robot_full_cell_description//urdf/cell_model.urdf.xacro
[0.363s] -- Up-to-date: /home/hephaestus/ros2_ws/src/install/diy_robot_full_cell_description/share/diy_robot_full_cell_description//launch
[0.363s] -- Up-to-date: /home/hephaestus/ros2_ws/src/install/diy_robot_full_cell_description/share/diy_robot_full_cell_description//launch/visualize.launch.py
[0.363s] -- Up-to-date: /home/hephaestus/ros2_ws/src/install/diy_robot_full_cell_description/share/diy_robot_full_cell_description//meshes
[0.364s] -- Up-to-date: /home/hephaestus/ros2_ws/src/install/diy_robot_full_cell_description/share/diy_robot_full_cell_description//rviz
[0.364s] -- Up-to-date: /home/hephaestus/ros2_ws/src/install/diy_robot_full_cell_description/share/diy_robot_full_cell_description//rviz/rviz_config.rviz
[0.364s] -- Up-to-date: /home/hephaestus/ros2_ws/src/install/diy_robot_full_cell_description/share/diy_robot_full_cell_description//config
[0.364s] -- Up-to-date: /home/hephaestus/ros2_ws/src/install/diy_robot_full_cell_description/share/diy_robot_full_cell_description//config/joint_limits.yaml
[0.365s] -- Up-to-date: /home/hephaestus/ros2_ws/src/install/diy_robot_full_cell_description/share/diy_robot_full_cell_description//config/initial_positions.yaml
[0.365s] -- Up-to-date: /home/hephaestus/ros2_ws/src/install/diy_robot_full_cell_description/share/ament_index/resource_index/package_run_dependencies/diy_robot_full_cell_description
[0.365s] -- Up-to-date: /home/hephaestus/ros2_ws/src/install/diy_robot_full_cell_description/share/ament_index/resource_index/parent_prefix_path/diy_robot_full_cell_description
[0.366s] -- Up-to-date: /home/hephaestus/ros2_ws/src/install/diy_robot_full_cell_description/share/diy_robot_full_cell_description/environment/ament_prefix_path.sh
[0.366s] -- Up-to-date: /home/hephaestus/ros2_ws/src/install/diy_robot_full_cell_description/share/diy_robot_full_cell_description/environment/ament_prefix_path.dsv
[0.366s] -- Up-to-date: /home/hephaestus/ros2_ws/src/install/diy_robot_full_cell_description/share/diy_robot_full_cell_description/environment/path.sh
[0.367s] -- Up-to-date: /home/hephaestus/ros2_ws/src/install/diy_robot_full_cell_description/share/diy_robot_full_cell_description/environment/path.dsv
[0.367s] -- Up-to-date: /home/hephaestus/ros2_ws/src/install/diy_robot_full_cell_description/share/diy_robot_full_cell_description/local_setup.bash
[0.367s] -- Up-to-date: /home/hephaestus/ros2_ws/src/install/diy_robot_full_cell_description/share/diy_robot_full_cell_description/local_setup.sh
[0.367s] -- Up-to-date: /home/hephaestus/ros2_ws/src/install/diy_robot_full_cell_description/share/diy_robot_full_cell_description/local_setup.zsh
[0.367s] -- Up-to-date: /home/hephaestus/ros2_ws/src/install/diy_robot_full_cell_description/share/diy_robot_full_cell_description/local_setup.dsv
[0.367s] -- Installing: /home/hephaestus/ros2_ws/src/install/diy_robot_full_cell_description/share/diy_robot_full_cell_description/package.dsv
[0.368s] -- Up-to-date: /home/hephaestus/ros2_ws/src/install/diy_robot_full_cell_description/share/ament_index/resource_index/packages/diy_robot_full_cell_description
[0.368s] -- Up-to-date: /home/hephaestus/ros2_ws/src/install/diy_robot_full_cell_description/share/diy_robot_full_cell_description/cmake/diy_robot_full_cell_descriptionConfig.cmake
[0.368s] -- Up-to-date: /home/hephaestus/ros2_ws/src/install/diy_robot_full_cell_description/share/diy_robot_full_cell_description/cmake/diy_robot_full_cell_descriptionConfig-version.cmake
[0.368s] -- Up-to-date: /home/hephaestus/ros2_ws/src/install/diy_robot_full_cell_description/share/diy_robot_full_cell_description/package.xml
[0.372s] Invoked command in '/home/hephaestus/ros2_ws/src/build/diy_robot_full_cell_description' returned '0': CMAKE_PREFIX_PATH=${CMAKE_PREFIX_PATH}:/opt/ros/humble /usr/bin/cmake --install /home/hephaestus/ros2_ws/src/build/diy_robot_full_cell_description
