[0.139s] Invoking command in '/home/hephaestus/ros2_ws/src/build/diy_robot_full_cell_description': CMAKE_PREFIX_PATH=${CMAKE_PREFIX_PATH}:/opt/ros/humble /usr/bin/cmake --build /home/hephaestus/ros2_ws/src/build/diy_robot_full_cell_description -- -j8 -l8
[0.239s] Invoked command in '/home/hephaestus/ros2_ws/src/build/diy_robot_full_cell_description' returned '0': CMAKE_PREFIX_PATH=${CMAKE_PREFIX_PATH}:/opt/ros/humble /usr/bin/cmake --build /home/hephaestus/ros2_ws/src/build/diy_robot_full_cell_description -- -j8 -l8
[0.311s] Invoking command in '/home/hephaestus/ros2_ws/src/build/diy_robot_full_cell_description': CMAKE_PREFIX_PATH=${CMAKE_PREFIX_PATH}:/opt/ros/humble /usr/bin/cmake --install /home/hephaestus/ros2_ws/src/build/diy_robot_full_cell_description
[0.337s] -- Install configuration: ""
[0.337s] -- Up-to-date: /home/hephaestus/ros2_ws/src/install/diy_robot_full_cell_description/share/diy_robot_full_cell_description//urdf
[0.338s] -- Up-to-date: /home/hephaestus/ros2_ws/src/install/diy_robot_full_cell_description/share/diy_robot_full_cell_description//urdf/materials.urdf.xacro
[0.338s] -- Up-to-date: /home/hephaestus/ros2_ws/src/install/diy_robot_full_cell_description/share/diy_robot_full_cell_description//urdf/test_arm.urdf.xacro
[0.338s] -- Up-to-date: /home/hephaestus/ros2_ws/src/install/diy_robot_full_cell_description/share/diy_robot_full_cell_description//urdf/subframe_macro.urdf.xacro
[0.338s] -- Installing: /home/hephaestus/ros2_ws/src/install/diy_robot_full_cell_description/share/diy_robot_full_cell_description//urdf/cell_model.urdf.xacro
[0.339s] -- Up-to-date: /home/hephaestus/ros2_ws/src/install/diy_robot_full_cell_description/share/diy_robot_full_cell_description//launch
[0.339s] -- Up-to-date: /home/hephaestus/ros2_ws/src/install/diy_robot_full_cell_description/share/diy_robot_full_cell_description//launch/visualize.launch.py
[0.339s] -- Up-to-date: /home/hephaestus/ros2_ws/src/install/diy_robot_full_cell_description/share/diy_robot_full_cell_description//meshes
[0.339s] -- Up-to-date: /home/hephaestus/ros2_ws/src/install/diy_robot_full_cell_description/share/diy_robot_full_cell_description//rviz
[0.340s] -- Up-to-date: /home/hephaestus/ros2_ws/src/install/diy_robot_full_cell_description/share/diy_robot_full_cell_description//rviz/rviz_config.rviz
[0.340s] -- Up-to-date: /home/hephaestus/ros2_ws/src/install/diy_robot_full_cell_description/share/diy_robot_full_cell_description//config
[0.340s] -- Up-to-date: /home/hephaestus/ros2_ws/src/install/diy_robot_full_cell_description/share/diy_robot_full_cell_description//config/joint_limits.yaml
[0.340s] -- Up-to-date: /home/hephaestus/ros2_ws/src/install/diy_robot_full_cell_description/share/diy_robot_full_cell_description//config/initial_positions.yaml
[0.340s] -- Up-to-date: /home/hephaestus/ros2_ws/src/install/diy_robot_full_cell_description/share/ament_index/resource_index/package_run_dependencies/diy_robot_full_cell_description
[0.341s] -- Up-to-date: /home/hephaestus/ros2_ws/src/install/diy_robot_full_cell_description/share/ament_index/resource_index/parent_prefix_path/diy_robot_full_cell_description
[0.341s] -- Up-to-date: /home/hephaestus/ros2_ws/src/install/diy_robot_full_cell_description/share/diy_robot_full_cell_description/environment/ament_prefix_path.sh
[0.341s] -- Up-to-date: /home/hephaestus/ros2_ws/src/install/diy_robot_full_cell_description/share/diy_robot_full_cell_description/environment/ament_prefix_path.dsv
[0.341s] -- Up-to-date: /home/hephaestus/ros2_ws/src/install/diy_robot_full_cell_description/share/diy_robot_full_cell_description/environment/path.sh
[0.342s] -- Up-to-date: /home/hephaestus/ros2_ws/src/install/diy_robot_full_cell_description/share/diy_robot_full_cell_description/environment/path.dsv
[0.342s] -- Up-to-date: /home/hephaestus/ros2_ws/src/install/diy_robot_full_cell_description/share/diy_robot_full_cell_description/local_setup.bash
[0.342s] -- Up-to-date: /home/hephaestus/ros2_ws/src/install/diy_robot_full_cell_description/share/diy_robot_full_cell_description/local_setup.sh
[0.342s] -- Up-to-date: /home/hephaestus/ros2_ws/src/install/diy_robot_full_cell_description/share/diy_robot_full_cell_description/local_setup.zsh
[0.343s] -- Up-to-date: /home/hephaestus/ros2_ws/src/install/diy_robot_full_cell_description/share/diy_robot_full_cell_description/local_setup.dsv
[0.343s] -- Installing: /home/hephaestus/ros2_ws/src/install/diy_robot_full_cell_description/share/diy_robot_full_cell_description/package.dsv
[0.344s] -- Up-to-date: /home/hephaestus/ros2_ws/src/install/diy_robot_full_cell_description/share/ament_index/resource_index/packages/diy_robot_full_cell_description
[0.344s] -- Up-to-date: /home/hephaestus/ros2_ws/src/install/diy_robot_full_cell_description/share/diy_robot_full_cell_description/cmake/diy_robot_full_cell_descriptionConfig.cmake
[0.344s] -- Up-to-date: /home/hephaestus/ros2_ws/src/install/diy_robot_full_cell_description/share/diy_robot_full_cell_description/cmake/diy_robot_full_cell_descriptionConfig-version.cmake
[0.345s] -- Up-to-date: /home/hephaestus/ros2_ws/src/install/diy_robot_full_cell_description/share/diy_robot_full_cell_description/package.xml
[0.350s] Invoked command in '/home/hephaestus/ros2_ws/src/build/diy_robot_full_cell_description' returned '0': CMAKE_PREFIX_PATH=${CMAKE_PREFIX_PATH}:/opt/ros/humble /usr/bin/cmake --install /home/hephaestus/ros2_ws/src/build/diy_robot_full_cell_description
