[1.355s] DEBUG:colcon:Command line arguments: ['/usr/bin/colcon', 'build']
[1.356s] DEBUG:colcon:Parsed command line arguments: Namespace(log_base=None, log_level=None, verb_name='build', build_base='build', install_base='install', merge_install=False, symlink_install=False, test_result_base=None, continue_on_error=False, executor='parallel', parallel_workers=8, event_handlers=None, ignore_user_meta=False, metas=['./colcon.meta'], base_paths=['.'], packages_ignore=None, packages_ignore_regex=None, paths=None, packages_up_to=None, packages_up_to_regex=None, packages_above=None, packages_above_and_dependencies=None, packages_above_depth=None, packages_select_by_dep=None, packages_skip_by_dep=None, packages_skip_up_to=None, packages_select_build_failed=False, packages_skip_build_finished=False, packages_select_test_failures=False, packages_skip_test_passed=False, packages_select=None, packages_skip=None, packages_select_regex=None, packages_skip_regex=None, packages_start=None, packages_end=None, cmake_args=None, cmake_target=None, cmake_target_skip_unavailable=False, cmake_clean_cache=False, cmake_clean_first=False, cmake_force_configure=False, ament_cmake_args=None, catkin_cmake_args=None, catkin_skip_building_tests=False, mixin_files=None, mixin=None, verb_parser=<colcon_mixin.mixin.mixin_argument.MixinArgumentDecorator object at 0x7f2fa8f79a20>, verb_extension=<colcon_core.verb.build.BuildVerb object at 0x7f2fa93a2500>, main=<bound method BuildVerb.main of <colcon_core.verb.build.BuildVerb object at 0x7f2fa93a2500>>, mixin_verb=('build',))
[1.404s] Level 1:colcon.colcon_core.package_discovery:discover_packages(colcon_meta) check parameters
[1.404s] Level 1:colcon.colcon_core.package_discovery:discover_packages(recursive) check parameters
[1.404s] Level 1:colcon.colcon_core.package_discovery:discover_packages(ignore) check parameters
[1.404s] Level 1:colcon.colcon_core.package_discovery:discover_packages(path) check parameters
[1.404s] Level 1:colcon.colcon_core.package_discovery:discover_packages(colcon_meta) discover
[1.405s] Level 1:colcon.colcon_core.package_discovery:discover_packages(recursive) discover
[1.405s] INFO:colcon.colcon_core.package_discovery:Crawling recursively for packages in '/home/hephaestus/ros2_ws/src'
[1.405s] Level 1:colcon.colcon_core.package_identification:_identify(.) by extensions ['ignore', 'ignore_ament_install']
[1.405s] Level 1:colcon.colcon_core.package_identification:_identify(.) by extension 'ignore'
[1.405s] Level 1:colcon.colcon_core.package_identification:_identify(.) by extension 'ignore_ament_install'
[1.405s] Level 1:colcon.colcon_core.package_identification:_identify(.) by extensions ['colcon_pkg']
[1.405s] Level 1:colcon.colcon_core.package_identification:_identify(.) by extension 'colcon_pkg'
[1.405s] Level 1:colcon.colcon_core.package_identification:_identify(.) by extensions ['colcon_meta']
[1.405s] Level 1:colcon.colcon_core.package_identification:_identify(.) by extension 'colcon_meta'
[1.405s] Level 1:colcon.colcon_core.package_identification:_identify(.) by extensions ['ros']
[1.405s] Level 1:colcon.colcon_core.package_identification:_identify(.) by extension 'ros'
[1.418s] Level 1:colcon.colcon_core.package_identification:_identify(.) by extensions ['cmake', 'python']
[1.418s] Level 1:colcon.colcon_core.package_identification:_identify(.) by extension 'cmake'
[1.418s] Level 1:colcon.colcon_core.package_identification:_identify(.) by extension 'python'
[1.418s] Level 1:colcon.colcon_core.package_identification:_identify(.) by extensions ['python_setup_py']
[1.418s] Level 1:colcon.colcon_core.package_identification:_identify(.) by extension 'python_setup_py'
[1.418s] Level 1:colcon.colcon_core.package_identification:_identify(build) by extensions ['ignore', 'ignore_ament_install']
[1.418s] Level 1:colcon.colcon_core.package_identification:_identify(build) by extension 'ignore'
[1.418s] Level 1:colcon.colcon_core.package_identification:_identify(build) ignored
[1.418s] Level 1:colcon.colcon_core.package_identification:_identify(diy_robot_full_cell_description) by extensions ['ignore', 'ignore_ament_install']
[1.419s] Level 1:colcon.colcon_core.package_identification:_identify(diy_robot_full_cell_description) by extension 'ignore'
[1.419s] Level 1:colcon.colcon_core.package_identification:_identify(diy_robot_full_cell_description) by extension 'ignore_ament_install'
[1.419s] Level 1:colcon.colcon_core.package_identification:_identify(diy_robot_full_cell_description) by extensions ['colcon_pkg']
[1.419s] Level 1:colcon.colcon_core.package_identification:_identify(diy_robot_full_cell_description) by extension 'colcon_pkg'
[1.419s] Level 1:colcon.colcon_core.package_identification:_identify(diy_robot_full_cell_description) by extensions ['colcon_meta']
[1.419s] Level 1:colcon.colcon_core.package_identification:_identify(diy_robot_full_cell_description) by extension 'colcon_meta'
[1.419s] Level 1:colcon.colcon_core.package_identification:_identify(diy_robot_full_cell_description) by extensions ['ros']
[1.419s] Level 1:colcon.colcon_core.package_identification:_identify(diy_robot_full_cell_description) by extension 'ros'
[1.422s] DEBUG:colcon.colcon_core.package_identification:Package 'diy_robot_full_cell_description' with type 'ros.ament_cmake' and name 'diy_robot_full_cell_description'
[1.422s] Level 1:colcon.colcon_core.package_identification:_identify(install) by extensions ['ignore', 'ignore_ament_install']
[1.422s] Level 1:colcon.colcon_core.package_identification:_identify(install) by extension 'ignore'
[1.422s] Level 1:colcon.colcon_core.package_identification:_identify(install) ignored
[1.422s] Level 1:colcon.colcon_core.package_identification:_identify(log) by extensions ['ignore', 'ignore_ament_install']
[1.422s] Level 1:colcon.colcon_core.package_identification:_identify(log) by extension 'ignore'
[1.422s] Level 1:colcon.colcon_core.package_identification:_identify(log) ignored
[1.423s] Level 1:colcon.colcon_core.package_discovery:discover_packages(recursive) using defaults
[1.423s] Level 1:colcon.colcon_core.package_discovery:discover_packages(ignore) discover
[1.423s] Level 1:colcon.colcon_core.package_discovery:discover_packages(ignore) using defaults
[1.423s] Level 1:colcon.colcon_core.package_discovery:discover_packages(path) discover
[1.423s] Level 1:colcon.colcon_core.package_discovery:discover_packages(path) using defaults
[1.503s] Level 5:colcon.colcon_core.verb:set package 'diy_robot_full_cell_description' build argument 'cmake_args' from command line to 'None'
[1.503s] Level 5:colcon.colcon_core.verb:set package 'diy_robot_full_cell_description' build argument 'cmake_target' from command line to 'None'
[1.503s] Level 5:colcon.colcon_core.verb:set package 'diy_robot_full_cell_description' build argument 'cmake_target_skip_unavailable' from command line to 'False'
[1.503s] Level 5:colcon.colcon_core.verb:set package 'diy_robot_full_cell_description' build argument 'cmake_clean_cache' from command line to 'False'
[1.503s] Level 5:colcon.colcon_core.verb:set package 'diy_robot_full_cell_description' build argument 'cmake_clean_first' from command line to 'False'
[1.503s] Level 5:colcon.colcon_core.verb:set package 'diy_robot_full_cell_description' build argument 'cmake_force_configure' from command line to 'False'
[1.503s] Level 5:colcon.colcon_core.verb:set package 'diy_robot_full_cell_description' build argument 'ament_cmake_args' from command line to 'None'
[1.503s] Level 5:colcon.colcon_core.verb:set package 'diy_robot_full_cell_description' build argument 'catkin_cmake_args' from command line to 'None'
[1.503s] Level 5:colcon.colcon_core.verb:set package 'diy_robot_full_cell_description' build argument 'catkin_skip_building_tests' from command line to 'False'
[1.503s] DEBUG:colcon.colcon_core.verb:Building package 'diy_robot_full_cell_description' with the following arguments: {'ament_cmake_args': None, 'build_base': '/home/hephaestus/ros2_ws/src/build/diy_robot_full_cell_description', 'catkin_cmake_args': None, 'catkin_skip_building_tests': False, 'cmake_args': None, 'cmake_clean_cache': False, 'cmake_clean_first': False, 'cmake_force_configure': False, 'cmake_target': None, 'cmake_target_skip_unavailable': False, 'install_base': '/home/hephaestus/ros2_ws/src/install/diy_robot_full_cell_description', 'merge_install': False, 'path': '/home/hephaestus/ros2_ws/src/diy_robot_full_cell_description', 'symlink_install': False, 'test_result_base': None}
[1.517s] INFO:colcon.colcon_core.executor:Executing jobs using 'parallel' executor
[1.533s] DEBUG:colcon.colcon_parallel_executor.executor.parallel:run_until_complete
[1.533s] INFO:colcon.colcon_ros.task.ament_cmake.build:Building ROS package in '/home/hephaestus/ros2_ws/src/diy_robot_full_cell_description' with build type 'ament_cmake'
[1.533s] INFO:colcon.colcon_cmake.task.cmake.build:Building CMake package in '/home/hephaestus/ros2_ws/src/diy_robot_full_cell_description'
[1.574s] INFO:colcon.colcon_core.plugin_system:Skipping extension 'colcon_core.shell.bat': Not used on non-Windows systems
[1.574s] INFO:colcon.colcon_core.shell:Skip shell extension 'powershell' for command environment: Not usable outside of PowerShell
[1.574s] DEBUG:colcon.colcon_core.shell:Skip shell extension 'dsv' for command environment
[4.688s] DEBUG:colcon.colcon_core.event_handler.log_command:Invoking command in '/home/hephaestus/ros2_ws/src/build/diy_robot_full_cell_description': CMAKE_PREFIX_PATH=${CMAKE_PREFIX_PATH}:/opt/ros/humble /usr/bin/cmake --build /home/hephaestus/ros2_ws/src/build/diy_robot_full_cell_description -- -j8 -l8
[4.815s] DEBUG:colcon.colcon_core.event_handler.log_command:Invoked command in '/home/hephaestus/ros2_ws/src/build/diy_robot_full_cell_description' returned '0': CMAKE_PREFIX_PATH=${CMAKE_PREFIX_PATH}:/opt/ros/humble /usr/bin/cmake --build /home/hephaestus/ros2_ws/src/build/diy_robot_full_cell_description -- -j8 -l8
[4.916s] DEBUG:colcon.colcon_core.event_handler.log_command:Invoking command in '/home/hephaestus/ros2_ws/src/build/diy_robot_full_cell_description': CMAKE_PREFIX_PATH=${CMAKE_PREFIX_PATH}:/opt/ros/humble /usr/bin/cmake --install /home/hephaestus/ros2_ws/src/build/diy_robot_full_cell_description
[6.244s] Level 1:colcon.colcon_core.environment:create_environment_scripts_only(diy_robot_full_cell_description)
[6.353s] DEBUG:colcon.colcon_core.event_handler.log_command:Invoked command in '/home/hephaestus/ros2_ws/src/build/diy_robot_full_cell_description' returned '0': CMAKE_PREFIX_PATH=${CMAKE_PREFIX_PATH}:/opt/ros/humble /usr/bin/cmake --install /home/hephaestus/ros2_ws/src/build/diy_robot_full_cell_description
[6.402s] Level 1:colcon.colcon_core.environment:checking '/home/hephaestus/ros2_ws/src/install/diy_robot_full_cell_description' for CMake module files
[6.405s] Level 1:colcon.colcon_core.environment:checking '/home/hephaestus/ros2_ws/src/install/diy_robot_full_cell_description' for CMake config files
[6.407s] Level 1:colcon.colcon_core.shell:create_environment_hook('diy_robot_full_cell_description', 'cmake_prefix_path')
[6.445s] INFO:colcon.colcon_core.shell:Creating environment hook '/home/hephaestus/ros2_ws/src/install/diy_robot_full_cell_description/share/diy_robot_full_cell_description/hook/cmake_prefix_path.ps1'
[7.346s] INFO:colcon.colcon_core.shell:Creating environment descriptor '/home/hephaestus/ros2_ws/src/install/diy_robot_full_cell_description/share/diy_robot_full_cell_description/hook/cmake_prefix_path.dsv'
[7.347s] INFO:colcon.colcon_core.shell:Creating environment hook '/home/hephaestus/ros2_ws/src/install/diy_robot_full_cell_description/share/diy_robot_full_cell_description/hook/cmake_prefix_path.sh'
[7.349s] Level 1:colcon.colcon_core.environment:checking '/home/hephaestus/ros2_ws/src/install/diy_robot_full_cell_description/bin'
[7.349s] Level 1:colcon.colcon_core.environment:checking '/home/hephaestus/ros2_ws/src/install/diy_robot_full_cell_description/lib/pkgconfig/diy_robot_full_cell_description.pc'
[7.352s] Level 1:colcon.colcon_core.environment:checking '/home/hephaestus/ros2_ws/src/install/diy_robot_full_cell_description/lib/python3.10/site-packages'
[7.352s] Level 1:colcon.colcon_core.environment:checking '/home/hephaestus/ros2_ws/src/install/diy_robot_full_cell_description/bin'
[7.369s] INFO:colcon.colcon_core.shell:Creating package script '/home/hephaestus/ros2_ws/src/install/diy_robot_full_cell_description/share/diy_robot_full_cell_description/package.ps1'
[7.374s] INFO:colcon.colcon_core.shell:Creating package descriptor '/home/hephaestus/ros2_ws/src/install/diy_robot_full_cell_description/share/diy_robot_full_cell_description/package.dsv'
[7.375s] INFO:colcon.colcon_core.shell:Creating package script '/home/hephaestus/ros2_ws/src/install/diy_robot_full_cell_description/share/diy_robot_full_cell_description/package.sh'
[7.376s] INFO:colcon.colcon_core.shell:Creating package script '/home/hephaestus/ros2_ws/src/install/diy_robot_full_cell_description/share/diy_robot_full_cell_description/package.bash'
[7.377s] INFO:colcon.colcon_core.shell:Creating package script '/home/hephaestus/ros2_ws/src/install/diy_robot_full_cell_description/share/diy_robot_full_cell_description/package.zsh'
[7.377s] Level 1:colcon.colcon_core.environment:create_file_with_runtime_dependencies(/home/hephaestus/ros2_ws/src/install/diy_robot_full_cell_description/share/colcon-core/packages/diy_robot_full_cell_description)
[7.455s] Level 1:colcon.colcon_core.environment:create_environment_scripts_only(diy_robot_full_cell_description)
[7.471s] Level 1:colcon.colcon_core.environment:checking '/home/hephaestus/ros2_ws/src/install/diy_robot_full_cell_description' for CMake module files
[7.472s] Level 1:colcon.colcon_core.environment:checking '/home/hephaestus/ros2_ws/src/install/diy_robot_full_cell_description' for CMake config files
[7.473s] Level 1:colcon.colcon_core.shell:create_environment_hook('diy_robot_full_cell_description', 'cmake_prefix_path')
[7.491s] INFO:colcon.colcon_core.shell:Creating environment hook '/home/hephaestus/ros2_ws/src/install/diy_robot_full_cell_description/share/diy_robot_full_cell_description/hook/cmake_prefix_path.ps1'
[7.504s] INFO:colcon.colcon_core.shell:Creating environment descriptor '/home/hephaestus/ros2_ws/src/install/diy_robot_full_cell_description/share/diy_robot_full_cell_description/hook/cmake_prefix_path.dsv'
[7.505s] INFO:colcon.colcon_core.shell:Creating environment hook '/home/hephaestus/ros2_ws/src/install/diy_robot_full_cell_description/share/diy_robot_full_cell_description/hook/cmake_prefix_path.sh'
[7.506s] Level 1:colcon.colcon_core.environment:checking '/home/hephaestus/ros2_ws/src/install/diy_robot_full_cell_description/bin'
[7.506s] Level 1:colcon.colcon_core.environment:checking '/home/hephaestus/ros2_ws/src/install/diy_robot_full_cell_description/lib/pkgconfig/diy_robot_full_cell_description.pc'
[7.506s] Level 1:colcon.colcon_core.environment:checking '/home/hephaestus/ros2_ws/src/install/diy_robot_full_cell_description/lib/python3.10/site-packages'
[7.506s] Level 1:colcon.colcon_core.environment:checking '/home/hephaestus/ros2_ws/src/install/diy_robot_full_cell_description/bin'
[7.524s] INFO:colcon.colcon_core.shell:Creating package script '/home/hephaestus/ros2_ws/src/install/diy_robot_full_cell_description/share/diy_robot_full_cell_description/package.ps1'
[7.531s] INFO:colcon.colcon_core.shell:Creating package descriptor '/home/hephaestus/ros2_ws/src/install/diy_robot_full_cell_description/share/diy_robot_full_cell_description/package.dsv'
[7.531s] INFO:colcon.colcon_core.shell:Creating package script '/home/hephaestus/ros2_ws/src/install/diy_robot_full_cell_description/share/diy_robot_full_cell_description/package.sh'
[7.532s] INFO:colcon.colcon_core.shell:Creating package script '/home/hephaestus/ros2_ws/src/install/diy_robot_full_cell_description/share/diy_robot_full_cell_description/package.bash'
[7.532s] INFO:colcon.colcon_core.shell:Creating package script '/home/hephaestus/ros2_ws/src/install/diy_robot_full_cell_description/share/diy_robot_full_cell_description/package.zsh'
[7.533s] Level 1:colcon.colcon_core.environment:create_file_with_runtime_dependencies(/home/hephaestus/ros2_ws/src/install/diy_robot_full_cell_description/share/colcon-core/packages/diy_robot_full_cell_description)
[7.533s] DEBUG:colcon.colcon_parallel_executor.executor.parallel:closing loop
[7.534s] DEBUG:colcon.colcon_parallel_executor.executor.parallel:loop closed
[7.534s] DEBUG:colcon.colcon_parallel_executor.executor.parallel:run_until_complete finished with '0'
[7.534s] DEBUG:colcon.colcon_core.event_reactor:joining thread
[7.558s] INFO:colcon.colcon_core.plugin_system:Skipping extension 'colcon_notification.desktop_notification.notify_send': Could not find 'notify-send'
[7.558s] INFO:colcon.colcon_core.plugin_system:Skipping extension 'colcon_notification.desktop_notification.terminal_notifier': Not used on non-Darwin systems
[7.558s] INFO:colcon.colcon_core.plugin_system:Skipping extension 'colcon_notification.desktop_notification.win32': Not used on non-Windows systems
[7.558s] INFO:colcon.colcon_notification.desktop_notification:Sending desktop notification using 'notify2'
[7.565s] DEBUG:colcon.colcon_notification.desktop_notification.notify2:Failed to initialize notify2: org.freedesktop.DBus.Error.Spawn.ExecFailed: /usr/bin/dbus-launch terminated abnormally without any error message
[7.566s] DEBUG:colcon.colcon_core.event_reactor:joined thread
[7.609s] INFO:colcon.colcon_core.shell:Creating prefix script '/home/hephaestus/ros2_ws/src/install/local_setup.ps1'
[7.625s] INFO:colcon.colcon_core.shell:Creating prefix util module '/home/hephaestus/ros2_ws/src/install/_local_setup_util_ps1.py'
[7.629s] INFO:colcon.colcon_core.shell:Creating prefix chain script '/home/hephaestus/ros2_ws/src/install/setup.ps1'
[7.671s] INFO:colcon.colcon_core.shell:Creating prefix script '/home/hephaestus/ros2_ws/src/install/local_setup.sh'
[7.672s] INFO:colcon.colcon_core.shell:Creating prefix util module '/home/hephaestus/ros2_ws/src/install/_local_setup_util_sh.py'
[7.673s] INFO:colcon.colcon_core.shell:Creating prefix chain script '/home/hephaestus/ros2_ws/src/install/setup.sh'
[7.692s] INFO:colcon.colcon_core.shell:Creating prefix script '/home/hephaestus/ros2_ws/src/install/local_setup.bash'
[7.693s] INFO:colcon.colcon_core.shell:Creating prefix chain script '/home/hephaestus/ros2_ws/src/install/setup.bash'
[7.712s] INFO:colcon.colcon_core.shell:Creating prefix script '/home/hephaestus/ros2_ws/src/install/local_setup.zsh'
[7.713s] INFO:colcon.colcon_core.shell:Creating prefix chain script '/home/hephaestus/ros2_ws/src/install/setup.zsh'
