[0.133s] Invoking command in '/home/hephaestus/ros2_ws/src/build/diy_robot_full_cell_description': CMAKE_PREFIX_PATH=${CMAKE_PREFIX_PATH}:/opt/ros/humble /usr/bin/cmake --build /home/hephaestus/ros2_ws/src/build/diy_robot_full_cell_description -- -j8 -l8
[0.196s] -- Found ament_cmake: 1.3.6 (/opt/ros/humble/share/ament_cmake/cmake)
[0.430s] -- Found diy_soft_gripper_description: 0.0.0 (/home/hephaestus/dependencies/diy_soft_gripper_description_ws/install/diy_soft_gripper_description/share/diy_soft_gripper_description/cmake)
[0.431s] -- Found diy_robotarm_wer24_description: 0.0.0 (/home/hephaestus/dependencies/diy_robotarm_wer24_description_ws/install/diy_robotarm_wer24_description/share/diy_robotarm_wer24_description/cmake)
[0.431s] -- Found xacro: 2.0.8 (/opt/ros/humble/share/xacro/cmake)
[0.433s] -- Found ament_lint_auto: 0.12.9 (/opt/ros/humble/share/ament_lint_auto/cmake)
[0.543s] -- Added test 'flake8' to check Python code syntax and style conventions
[0.546s] -- Added test 'lint_cmake' to check CMake code style
[0.548s] -- Added test 'pep257' to check Python code against some of the docstring style conventions in PEP 257
[0.557s] -- Added test 'xmllint' to check XML markup files
[0.560s] -- Configuring done
[0.576s] -- Generating done
[0.580s] -- Build files have been written to: /home/hephaestus/ros2_ws/src/build/diy_robot_full_cell_description
[0.620s] Invoked command in '/home/hephaestus/ros2_ws/src/build/diy_robot_full_cell_description' returned '0': CMAKE_PREFIX_PATH=${CMAKE_PREFIX_PATH}:/opt/ros/humble /usr/bin/cmake --build /home/hephaestus/ros2_ws/src/build/diy_robot_full_cell_description -- -j8 -l8
[0.684s] Invoking command in '/home/hephaestus/ros2_ws/src/build/diy_robot_full_cell_description': CMAKE_PREFIX_PATH=${CMAKE_PREFIX_PATH}:/opt/ros/humble /usr/bin/cmake --install /home/hephaestus/ros2_ws/src/build/diy_robot_full_cell_description
[0.697s] -- Install configuration: ""
[0.698s] -- Up-to-date: /home/hephaestus/ros2_ws/src/install/diy_robot_full_cell_description/share/diy_robot_full_cell_description//urdf
[0.698s] -- Up-to-date: /home/hephaestus/ros2_ws/src/install/diy_robot_full_cell_description/share/diy_robot_full_cell_description//urdf/materials.urdf.xacro
[0.698s] -- Up-to-date: /home/hephaestus/ros2_ws/src/install/diy_robot_full_cell_description/share/diy_robot_full_cell_description//urdf/subframe_macro.urdf.xacro
[0.699s] -- Up-to-date: /home/hephaestus/ros2_ws/src/install/diy_robot_full_cell_description/share/diy_robot_full_cell_description//urdf/cell_model.urdf.xacro
[0.699s] -- Up-to-date: /home/hephaestus/ros2_ws/src/install/diy_robot_full_cell_description/share/diy_robot_full_cell_description//launch
[0.699s] -- Up-to-date: /home/hephaestus/ros2_ws/src/install/diy_robot_full_cell_description/share/diy_robot_full_cell_description//launch/visualize.launch.py
[0.699s] -- Up-to-date: /home/hephaestus/ros2_ws/src/install/diy_robot_full_cell_description/share/diy_robot_full_cell_description//meshes
[0.699s] -- Up-to-date: /home/hephaestus/ros2_ws/src/install/diy_robot_full_cell_description/share/diy_robot_full_cell_description//rviz
[0.700s] -- Up-to-date: /home/hephaestus/ros2_ws/src/install/diy_robot_full_cell_description/share/diy_robot_full_cell_description//rviz/rviz_config.rviz
[0.700s] -- Up-to-date: /home/hephaestus/ros2_ws/src/install/diy_robot_full_cell_description/share/diy_robot_full_cell_description//config
[0.700s] -- Up-to-date: /home/hephaestus/ros2_ws/src/install/diy_robot_full_cell_description/share/diy_robot_full_cell_description//config/joint_limits.yaml
[0.701s] -- Up-to-date: /home/hephaestus/ros2_ws/src/install/diy_robot_full_cell_description/share/diy_robot_full_cell_description//config/initial_positions.yaml
[0.701s] -- Up-to-date: /home/hephaestus/ros2_ws/src/install/diy_robot_full_cell_description/share/ament_index/resource_index/package_run_dependencies/diy_robot_full_cell_description
[0.701s] -- Up-to-date: /home/hephaestus/ros2_ws/src/install/diy_robot_full_cell_description/share/ament_index/resource_index/parent_prefix_path/diy_robot_full_cell_description
[0.701s] -- Up-to-date: /home/hephaestus/ros2_ws/src/install/diy_robot_full_cell_description/share/diy_robot_full_cell_description/environment/ament_prefix_path.sh
[0.701s] -- Installing: /home/hephaestus/ros2_ws/src/install/diy_robot_full_cell_description/share/diy_robot_full_cell_description/environment/ament_prefix_path.dsv
[0.701s] -- Up-to-date: /home/hephaestus/ros2_ws/src/install/diy_robot_full_cell_description/share/diy_robot_full_cell_description/environment/path.sh
[0.702s] -- Installing: /home/hephaestus/ros2_ws/src/install/diy_robot_full_cell_description/share/diy_robot_full_cell_description/environment/path.dsv
[0.702s] -- Up-to-date: /home/hephaestus/ros2_ws/src/install/diy_robot_full_cell_description/share/diy_robot_full_cell_description/local_setup.bash
[0.702s] -- Up-to-date: /home/hephaestus/ros2_ws/src/install/diy_robot_full_cell_description/share/diy_robot_full_cell_description/local_setup.sh
[0.702s] -- Up-to-date: /home/hephaestus/ros2_ws/src/install/diy_robot_full_cell_description/share/diy_robot_full_cell_description/local_setup.zsh
[0.703s] -- Installing: /home/hephaestus/ros2_ws/src/install/diy_robot_full_cell_description/share/diy_robot_full_cell_description/local_setup.dsv
[0.704s] -- Installing: /home/hephaestus/ros2_ws/src/install/diy_robot_full_cell_description/share/diy_robot_full_cell_description/package.dsv
[0.704s] -- Up-to-date: /home/hephaestus/ros2_ws/src/install/diy_robot_full_cell_description/share/ament_index/resource_index/packages/diy_robot_full_cell_description
[0.704s] -- Up-to-date: /home/hephaestus/ros2_ws/src/install/diy_robot_full_cell_description/share/diy_robot_full_cell_description/cmake/diy_robot_full_cell_descriptionConfig.cmake
[0.705s] -- Up-to-date: /home/hephaestus/ros2_ws/src/install/diy_robot_full_cell_description/share/diy_robot_full_cell_description/cmake/diy_robot_full_cell_descriptionConfig-version.cmake
[0.705s] -- Up-to-date: /home/hephaestus/ros2_ws/src/install/diy_robot_full_cell_description/share/diy_robot_full_cell_description/package.xml
[0.705s] Invoked command in '/home/hephaestus/ros2_ws/src/build/diy_robot_full_cell_description' returned '0': CMAKE_PREFIX_PATH=${CMAKE_PREFIX_PATH}:/opt/ros/humble /usr/bin/cmake --install /home/hephaestus/ros2_ws/src/build/diy_robot_full_cell_description
